<?xml version="1.0" encoding="UTF-8"?>
<!-- Generated by org.testng.reporters.JUnitReportReporter -->
<testsuite hostname="LAPTOP-S1LVCJIH" name="com.Testcases.Tc_01_RegisterEmployer" tests="1" failures="0" timestamp="23 Nov 2018 01:16:49 GMT" time="54.053" errors="0">
  <testcase name="validate_EmployerRegistration" time="54.053" classname="com.Testcases.Tc_01_RegisterEmployer"/>
</testsuite> <!-- com.Testcases.Tc_01_RegisterEmployer -->
